<?xml version="1.0" encoding="UTF-8"?>
<!-- Generated by org.testng.reporters.JUnitReportReporter -->
<testsuite hostname="Narottam_Kumar" failures="0" tests="2" name="seleniumMaven.Maven_Script" time="18.174" errors="0" timestamp="2023-06-25T08:57:04 IST" skipped="0">
  <testcase classname="seleniumMaven.Maven_Script" name="CheckLogin" time="10.736"/>
  <system-out/>
  <testcase classname="seleniumMaven.Maven_Script" name="checkTitle" time="7.438"/>
  <system-out/>
</testsuite> <!-- seleniumMaven.Maven_Script -->
